<?xml version="1.0" encoding="UTF-8"?>
<!-- Generated by org.testng.reporters.JUnitReportReporter -->
<testsuite hostname="MSI" failures="0" tests="5" name="com.api.auto.testcase_cach_2.TC_API_Login" time="0.725" errors="0" timestamp="2023-05-23T20:43:41 ICT" skipped="0">
  <testcase classname="com.api.auto.testcase_cach_2.TC_API_Login" name="TC01_Validate200OK" time="0.017"/>
  <system-out/>
  <testcase classname="com.api.auto.testcase_cach_2.TC_API_Login" name="TC02_ValidateMessage" time="0.648"/>
  <system-out/>
  <testcase classname="com.api.auto.testcase_cach_2.TC_API_Login" name="TC03_ValidateToken" time="0.019"/>
  <system-out/>
  <testcase classname="com.api.auto.testcase_cach_2.TC_API_Login" name="TC04_ValidateUserType" time="0.015"/>
  <system-out/>
  <testcase classname="com.api.auto.testcase_cach_2.TC_API_Login" name="TC05_ValidateAccount" time="0.026"/>
  <system-out/>
</testsuite> <!-- com.api.auto.testcase_cach_2.TC_API_Login -->
