<?xml version="1.0" encoding="UTF-8"?>
<!-- Generated by org.testng.reporters.JUnitReportReporter -->
<testsuite hostname="MSI" failures="0" tests="5" name="com.api.auto.testcase.TC_API_CreatedWork" time="0.035" errors="0" timestamp="2023-05-23T20:43:32 ICT" skipped="0">
  <testcase classname="com.api.auto.testcase.TC_API_CreatedWork" name="TC01_Validate201Created" time="0.000"/>
  <system-out/>
  <testcase classname="com.api.auto.testcase.TC_API_CreatedWork" name="TC02_ValidateId" time="0.001"/>
  <system-out/>
  <testcase classname="com.api.auto.testcase.TC_API_CreatedWork" name="TC03_ValidateNameWork" time="0.014"/>
  <system-out/>
  <testcase classname="com.api.auto.testcase.TC_API_CreatedWork" name="TC04_ValidateExperience" time="0.010"/>
  <system-out/>
  <testcase classname="com.api.auto.testcase.TC_API_CreatedWork" name="TC05_ValidateEducation" time="0.010"/>
  <system-out/>
</testsuite> <!-- com.api.auto.testcase.TC_API_CreatedWork -->
