<?xml version="1.0" encoding="UTF-8"?>
<!-- Generated by org.testng.reporters.JUnitReportReporter -->
<testsuite hostname="MSI" failures="0" tests="5" name="com.api.auto.testcase.TC_API_Login" time="0.940" errors="0" timestamp="2023-05-25T18:28:50 ICT" skipped="0">
  <testcase classname="com.api.auto.testcase.TC_API_Login" name="TC01_Validate200OK" time="0.010"/>
  <system-out/>
  <testcase classname="com.api.auto.testcase.TC_API_Login" name="TC02_ValidateMessage" time="0.753"/>
  <system-out/>
  <testcase classname="com.api.auto.testcase.TC_API_Login" name="TC03_ValidateToken" time="0.044"/>
  <system-out/>
  <testcase classname="com.api.auto.testcase.TC_API_Login" name="TC04_ValidateUserType" time="0.033"/>
  <system-out/>
  <testcase classname="com.api.auto.testcase.TC_API_Login" name="TC05_ValidateAccount" time="0.100"/>
  <system-out/>
</testsuite> <!-- com.api.auto.testcase.TC_API_Login -->
